<?xml version="1.0" encoding="UTF-8" standalone="no"?>
<!DOCTYPE log SYSTEM "logger.dtd">
<log>
<record>
  <date>2019-04-08T12:54:44</date>
  <millis>1554753284430</millis>
  <sequence>0</sequence>
  <level>START</level>
  <class>com.kms.katalon.core.logging.XmlKeywordLogger</class>
  <method>startSuite</method>
  <thread>1</thread>
  <message>Start Test Suite : Test Suites/Verify Game Funtions</message>
  <nestedLevel>0</nestedLevel>
  <property name="name">Verify Game Funtions</property>
  <property name="description"></property>
  <property name="id">Test Suites/Verify Game Funtions</property>
</record>
<record>
  <date>2019-04-08T12:54:44</date>
  <millis>1554753284439</millis>
  <sequence>1</sequence>
  <level>RUN_DATA</level>
  <class>com.kms.katalon.core.logging.XmlKeywordLogger</class>
  <method>logMessage</method>
  <thread>1</thread>
  <message>hostName = Dana Christopherson - DESKTOP-IJVSG06.telus</message>
  <nestedLevel>0</nestedLevel>
  <property name="hostName">Dana Christopherson - DESKTOP-IJVSG06.telus</property>
</record>
<record>
  <date>2019-04-08T12:54:44</date>
  <millis>1554753284439</millis>
  <sequence>2</sequence>
  <level>RUN_DATA</level>
  <class>com.kms.katalon.core.logging.XmlKeywordLogger</class>
  <method>logMessage</method>
  <thread>1</thread>
  <message>os = Windows 10 64bit</message>
  <nestedLevel>0</nestedLevel>
  <property name="os">Windows 10 64bit</property>
</record>
<record>
  <date>2019-04-08T12:54:44</date>
  <millis>1554753284439</millis>
  <sequence>3</sequence>
  <level>RUN_DATA</level>
  <class>com.kms.katalon.core.logging.XmlKeywordLogger</class>
  <method>logMessage</method>
  <thread>1</thread>
  <message>hostAddress = 192.168.1.74</message>
  <nestedLevel>0</nestedLevel>
  <property name="hostAddress">192.168.1.74</property>
</record>
<record>
  <date>2019-04-08T12:54:44</date>
  <millis>1554753284440</millis>
  <sequence>4</sequence>
  <level>RUN_DATA</level>
  <class>com.kms.katalon.core.logging.XmlKeywordLogger</class>
  <method>logMessage</method>
  <thread>1</thread>
  <message>katalonVersion = 6.1.0.1</message>
  <nestedLevel>0</nestedLevel>
  <property name="katalonVersion">6.1.0.1</property>
</record>
<record>
  <date>2019-04-08T12:54:44</date>
  <millis>1554753284581</millis>
  <sequence>5</sequence>
  <level>START</level>
  <class>com.kms.katalon.core.logging.XmlKeywordLogger</class>
  <method>startTest</method>
  <thread>1</thread>
  <message>Start Test Case : Test Cases/Test Case 1</message>
  <nestedLevel>1</nestedLevel>
  <property name="name">Test Cases/Test Case 1</property>
  <property name="description"></property>
  <property name="id">Test Cases/Test Case 1</property>
  <property name="source">C:\\Users\\Dana Christopherson\\Katalon Studio\\Rock Paper Scissors Game\\Test Cases\\Test Case 1.tc</property>
  <property name="isOptional">false</property>
</record>
<record>
  <date>2019-04-08T12:54:44</date>
  <millis>1554753284786</millis>
  <sequence>7</sequence>
  <level>START</level>
  <class>com.kms.katalon.core.logging.XmlKeywordLogger</class>
  <method>startKeyword</method>
  <thread>1</thread>
  <message>Start action : openBrowser(\&amp;quot;\&amp;quot;)</message>
  <nestedLevel>1</nestedLevel>
  <property name="startLine">17</property>
  <property name="stepIndex">1</property>
</record>
